<?xml version="1.0" encoding="UTF-8"?>
<coverage generated="1679999727726" clover="3.2.0">
  <project timestamp="1679999727726" name="All files">
    <metrics statements="5" coveredstatements="5" conditionals="0" coveredconditionals="0" methods="6" coveredmethods="6" elements="11" coveredelements="11" complexity="0" loc="5" ncloc="5" packages="1" files="1" classes="1"/>
    <file name="analyzeArray.js" path="/home/thaddaeus/Desktop/Projects/testing-practice/functions/analyzeArray.js">
      <metrics statements="5" coveredstatements="5" conditionals="0" coveredconditionals="0" methods="6" coveredmethods="6"/>
      <line num="2" count="2" type="stmt"/>
      <line num="10" count="9" type="stmt"/>
      <line num="11" count="2" type="stmt"/>
      <line num="12" count="2" type="stmt"/>
      <line num="13" count="2" type="stmt"/>
    </file>
  </project>
</coverage>
