<?xml version="1.0" encoding="UTF-8"?>
<coverage generated="1679980639690" clover="3.2.0">
  <project timestamp="1679980639690" name="All files">
    <metrics statements="3" coveredstatements="2" conditionals="0" coveredconditionals="0" methods="3" coveredmethods="2" elements="6" coveredelements="4" complexity="0" loc="3" ncloc="3" packages="1" files="3" classes="3"/>
    <file name="calculator.js" path="/home/thaddaeus/Desktop/Projects/testing-practice/functions/calculator.js">
      <metrics statements="1" coveredstatements="0" conditionals="0" coveredconditionals="0" methods="1" coveredmethods="0"/>
      <line num="4" count="0" type="stmt"/>
    </file>
    <file name="capitalize.js" path="/home/thaddaeus/Desktop/Projects/testing-practice/functions/capitalize.js">
      <metrics statements="1" coveredstatements="1" conditionals="0" coveredconditionals="0" methods="1" coveredmethods="1"/>
      <line num="2" count="1" type="stmt"/>
    </file>
    <file name="reverseString.js" path="/home/thaddaeus/Desktop/Projects/testing-practice/functions/reverseString.js">
      <metrics statements="1" coveredstatements="1" conditionals="0" coveredconditionals="0" methods="1" coveredmethods="1"/>
      <line num="2" count="1" type="stmt"/>
    </file>
  </project>
</coverage>
