{"/home/thaddaeus/Desktop/Projects/testing-practice/functions/caesarCipher.js": {"path":"/home/thaddaeus/Desktop/Projects/testing-practice/functions/caesarCipher.js","statementMap":{"0":{"start":{"line":2,"column":14},"end":{"line":2,"column":16}},"1":{"start":{"line":3,"column":1},"end":{"line":15,"column":2}},"2":{"start":{"line":3,"column":14},"end":{"line":3,"column":15}},"3":{"start":{"line":4,"column":2},"end":{"line":7,"column":3}},"4":{"start":{"line":5,"column":3},"end":{"line":5,"column":23}},"5":{"start":{"line":6,"column":3},"end":{"line":6,"column":12}},"6":{"start":{"line":10,"column":2},"end":{"line":12,"column":48}},"7":{"start":{"line":11,"column":3},"end":{"line":11,"column":21}},"8":{"start":{"line":12,"column":9},"end":{"line":12,"column":48}},"9":{"start":{"line":14,"column":2},"end":{"line":14,"column":24}},"10":{"start":{"line":16,"column":1},"end":{"line":16,"column":15}},"11":{"start":{"line":20,"column":18},"end":{"line":20,"column":49}},"12":{"start":{"line":21,"column":1},"end":{"line":21,"column":47}},"13":{"start":{"line":25,"column":1},"end":{"line":25,"column":74}},"14":{"start":{"line":25,"column":38},"end":{"line":25,"column":74}},"15":{"start":{"line":27,"column":1},"end":{"line":27,"column":37}},"16":{"start":{"line":31,"column":1},"end":{"line":31,"column":54}},"17":{"start":{"line":35,"column":1},"end":{"line":35,"column":23}}},"fnMap":{"0":{"name":"caesarCipher","decl":{"start":{"line":1,"column":24},"end":{"line":1,"column":36}},"loc":{"start":{"line":1,"column":45},"end":{"line":17,"column":1}},"line":1},"1":{"name":"getNextLetter","decl":{"start":{"line":19,"column":9},"end":{"line":19,"column":22}},"loc":{"start":{"line":19,"column":31},"end":{"line":22,"column":1}},"line":19},"2":{"name":"getAlphabetByLetterCase","decl":{"start":{"line":24,"column":9},"end":{"line":24,"column":32}},"loc":{"start":{"line":24,"column":41},"end":{"line":28,"column":1}},"line":24},"3":{"name":"isLetter","decl":{"start":{"line":30,"column":9},"end":{"line":30,"column":17}},"loc":{"start":{"line":30,"column":26},"end":{"line":32,"column":1}},"line":30},"4":{"name":"isLetterZ","decl":{"start":{"line":34,"column":9},"end":{"line":34,"column":18}},"loc":{"start":{"line":34,"column":27},"end":{"line":36,"column":1}},"line":34}},"branchMap":{"0":{"loc":{"start":{"line":4,"column":2},"end":{"line":7,"column":3}},"type":"if","locations":[{"start":{"line":4,"column":2},"end":{"line":7,"column":3}},{"start":{},"end":{}}],"line":4},"1":{"loc":{"start":{"line":10,"column":2},"end":{"line":12,"column":48}},"type":"if","locations":[{"start":{"line":10,"column":2},"end":{"line":12,"column":48}},{"start":{"line":12,"column":9},"end":{"line":12,"column":48}}],"line":10},"2":{"loc":{"start":{"line":25,"column":1},"end":{"line":25,"column":74}},"type":"if","locations":[{"start":{"line":25,"column":1},"end":{"line":25,"column":74}},{"start":{},"end":{}}],"line":25}},"s":{"0":5,"1":5,"2":5,"3":43,"4":1,"5":1,"6":42,"7":1,"8":41,"9":42,"10":5,"11":41,"12":41,"13":41,"14":3,"15":38,"16":43,"17":42},"f":{"0":5,"1":41,"2":41,"3":43,"4":42},"b":{"0":[1,42],"1":[1,41],"2":[3,38]},"_coverageSchema":"1a1c01bbd47fc00a2c39e90264f33305004495a9","hash":"99ef5d068596a96703e85d4abc0523220a79740f"}
}
