{"/home/thaddaeus/Desktop/Projects/testing-practice/functions/caesarCipher.js": {"path":"/home/thaddaeus/Desktop/Projects/testing-practice/functions/caesarCipher.js","statementMap":{},"fnMap":{"0":{"name":"caesarCipher","decl":{"start":{"line":1,"column":24},"end":{"line":1,"column":36}},"loc":{"start":{"line":1,"column":39},"end":{"line":1,"column":41}},"line":1}},"branchMap":{},"s":{},"f":{"0":3},"b":{},"_coverageSchema":"1a1c01bbd47fc00a2c39e90264f33305004495a9","hash":"11cf63ee8d1c20b1727a4f493e3312d1d47a5b61"}
,"/home/thaddaeus/Desktop/Projects/testing-practice/functions/calculator.js": {"path":"/home/thaddaeus/Desktop/Projects/testing-practice/functions/calculator.js","statementMap":{"0":{"start":{"line":1,"column":12},"end":{"line":1,"column":27}},"1":{"start":{"line":1,"column":22},"end":{"line":1,"column":27}},"2":{"start":{"line":2,"column":17},"end":{"line":2,"column":32}},"3":{"start":{"line":2,"column":27},"end":{"line":2,"column":32}},"4":{"start":{"line":3,"column":17},"end":{"line":3,"column":32}},"5":{"start":{"line":3,"column":27},"end":{"line":3,"column":32}},"6":{"start":{"line":4,"column":15},"end":{"line":4,"column":30}},"7":{"start":{"line":4,"column":25},"end":{"line":4,"column":30}}},"fnMap":{"0":{"name":"(anonymous_0)","decl":{"start":{"line":1,"column":12},"end":{"line":1,"column":13}},"loc":{"start":{"line":1,"column":22},"end":{"line":1,"column":27}},"line":1},"1":{"name":"(anonymous_1)","decl":{"start":{"line":2,"column":17},"end":{"line":2,"column":18}},"loc":{"start":{"line":2,"column":27},"end":{"line":2,"column":32}},"line":2},"2":{"name":"(anonymous_2)","decl":{"start":{"line":3,"column":17},"end":{"line":3,"column":18}},"loc":{"start":{"line":3,"column":27},"end":{"line":3,"column":32}},"line":3},"3":{"name":"(anonymous_3)","decl":{"start":{"line":4,"column":15},"end":{"line":4,"column":16}},"loc":{"start":{"line":4,"column":25},"end":{"line":4,"column":30}},"line":4}},"branchMap":{},"s":{"0":1,"1":2,"2":1,"3":1,"4":1,"5":1,"6":1,"7":1},"f":{"0":2,"1":1,"2":1,"3":1},"b":{},"_coverageSchema":"1a1c01bbd47fc00a2c39e90264f33305004495a9","hash":"bc7c85a3e16132606a1d0b5f6be6f13e84a50775"}
}
