TN:
SF:functions/caesarCipher.js
FN:1,caesarCipher
FN:19,getNextLetter
FN:24,getAlphabetByLetterCase
FN:30,isLetter
FN:34,isLetterZ
FNF:5
FNH:5
FNDA:5,caesarCipher
FNDA:41,getNextLetter
FNDA:41,getAlphabetByLetterCase
FNDA:43,isLetter
FNDA:42,isLetterZ
DA:2,5
DA:3,5
DA:4,43
DA:5,1
DA:6,1
DA:10,42
DA:11,1
DA:12,41
DA:14,42
DA:16,5
DA:20,41
DA:21,41
DA:25,41
DA:27,38
DA:31,43
DA:35,42
LF:16
LH:16
BRDA:4,0,0,1
BRDA:4,0,1,42
BRDA:10,1,0,1
BRDA:10,1,1,41
BRDA:25,2,0,3
BRDA:25,2,1,38
BRF:6
BRH:6
end_of_record
