TN:
SF:functions/caesarCipher.js
FN:1,caesarCipher
FN:20,getNextLetter
FN:25,getAlphabetByLetterCase
FN:31,isLetter
FN:35,isLetterZ
FNF:5
FNH:5
FNDA:6,caesarCipher
FNDA:43,getNextLetter
FNDA:47,getAlphabetByLetterCase
FNDA:46,isLetter
FNDA:45,isLetterZ
DA:2,6
DA:3,6
DA:4,46
DA:5,1
DA:6,1
DA:10,45
DA:11,2
DA:12,2
DA:13,43
DA:15,45
DA:17,6
DA:21,43
DA:22,43
DA:26,47
DA:28,42
DA:32,46
DA:36,45
LF:17
LH:17
BRDA:4,0,0,1
BRDA:4,0,1,45
BRDA:10,1,0,2
BRDA:10,1,1,43
BRDA:26,2,0,5
BRDA:26,2,1,42
BRDA:36,3,0,45
BRDA:36,3,1,44
BRF:8
BRH:8
end_of_record
